2024-12-08 00:05:00 INFO  - Authorization Header: null
2024-12-08 00:05:00 WARN  - Missing or malformed Authorization header
2024-12-08 00:05:01 INFO  - User authenticated.
2024-12-08 16:50:50 INFO  - HV000001: Hibernate Validator 8.0.1.Final
2024-12-08 16:50:50 INFO  - Starting CarRentalApplication using Java 17.0.12 with PID 1584 (C:\Users\Administrator\Desktop\Coding Factory\Final Project\car-rental\build\classes\java\main started by Administrator in C:\Users\Administrator\Desktop\Coding Factory\Final Project\car-rental)
2024-12-08 16:50:50 INFO  - The following 1 profile is active: "test"
2024-12-08 16:50:51 INFO  - Bootstrapping Spring Data JPA repositories in DEFAULT mode.
2024-12-08 16:50:51 INFO  - Finished Spring Data repository scanning in 59 ms. Found 6 JPA repository interfaces.
2024-12-08 16:50:51 INFO  - Tomcat initialized with port 8080 (http)
2024-12-08 16:50:52 INFO  - Root WebApplicationContext: initialization completed in 1220 ms
2024-12-08 16:50:52 INFO  - HHH000412: Hibernate ORM core version 6.5.3.Final
2024-12-08 16:50:52 INFO  - HHH000026: Second-level cache disabled
2024-12-08 16:50:52 INFO  - No LoadTimeWeaver setup: ignoring JPA class transformer
2024-12-08 16:50:52 WARN  - HHH90000025: MySQLDialect does not need to be specified explicitly using 'hibernate.dialect' (remove the property setting and it will be selected by default)
2024-12-08 16:50:53 INFO  - HHH000489: No JTA platform available (set 'hibernate.transaction.jta.platform' to enable JTA platform integration)
2024-12-08 16:50:53 INFO  - Initialized JPA EntityManagerFactory for persistence unit 'default'
2024-12-08 16:50:53 INFO  - Global AuthenticationManager configured with UserDetailsService bean with name customUserDetailsService
2024-12-08 16:50:54 INFO  - Tomcat started on port 8080 (http) with context path '/'
2024-12-08 16:50:54 INFO  - Started CarRentalApplication in 4.255 seconds (process running for 4.487)
2024-12-08 16:51:23 INFO  - Initializing Servlet 'dispatcherServlet'
2024-12-08 16:51:23 INFO  - Completed initialization in 1 ms
2024-12-08 16:51:23 INFO  - Authorization Header: null
2024-12-08 16:51:23 WARN  - Missing or malformed Authorization header
2024-12-08 16:51:24 INFO  - User authenticated.
