2024-12-06 14:28:10 INFO  - HV000001: Hibernate Validator 8.0.1.Final
2024-12-06 14:28:10 INFO  - Starting CarRentalApplication using Java 17.0.12 with PID 12720 (C:\Users\Administrator\Desktop\Coding Factory\Final Project\car-rental\build\classes\java\main started by Administrator in C:\Users\Administrator\Desktop\Coding Factory\Final Project\car-rental)
2024-12-06 14:28:10 INFO  - The following 1 profile is active: "test"
2024-12-06 14:28:10 INFO  - Bootstrapping Spring Data JPA repositories in DEFAULT mode.
2024-12-06 14:28:10 INFO  - Finished Spring Data repository scanning in 51 ms. Found 6 JPA repository interfaces.
2024-12-06 14:28:11 INFO  - Tomcat initialized with port 8080 (http)
2024-12-06 14:28:11 INFO  - Root WebApplicationContext: initialization completed in 1194 ms
2024-12-06 14:28:11 INFO  - HHH000412: Hibernate ORM core version 6.5.3.Final
2024-12-06 14:28:11 INFO  - HHH000026: Second-level cache disabled
2024-12-06 14:28:11 INFO  - No LoadTimeWeaver setup: ignoring JPA class transformer
2024-12-06 14:28:12 WARN  - HHH90000025: MySQLDialect does not need to be specified explicitly using 'hibernate.dialect' (remove the property setting and it will be selected by default)
2024-12-06 14:28:12 INFO  - HHH000489: No JTA platform available (set 'hibernate.transaction.jta.platform' to enable JTA platform integration)
2024-12-06 14:28:13 INFO  - Initialized JPA EntityManagerFactory for persistence unit 'default'
2024-12-06 14:28:13 INFO  - Global AuthenticationManager configured with UserDetailsService bean with name customUserDetailsService
2024-12-06 14:28:14 INFO  - Tomcat started on port 8080 (http) with context path '/'
2024-12-06 14:28:14 INFO  - Started CarRentalApplication in 4.484 seconds (process running for 4.73)
2024-12-06 16:29:26 INFO  - Initializing Servlet 'dispatcherServlet'
2024-12-06 16:29:26 INFO  - Completed initialization in 14 ms
2024-12-06 16:29:26 INFO  - Authorization Header: null
2024-12-06 16:29:26 WARN  - Missing or malformed Authorization header
2024-12-06 16:29:27 INFO  - Received request to register user: gr.aueb.cf.carrentalapp.dto.UserInsertDTO@10d1b127
2024-12-06 16:29:27 ERROR - Validation errors: [Field error in object 'userInsertDTO' on field 'username': rejected value [test]; codes [Size.userInsertDTO.username,Size.username,Size.java.lang.String,Size]; arguments [org.springframework.context.support.DefaultMessageSourceResolvable: codes [userInsertDTO.username,username]; arguments []; default message [username],2147483647,6]; default message [Username must be at least 6 characters long.]]
2024-12-06 16:30:55 INFO  - Authorization Header: null
2024-12-06 16:30:55 WARN  - Missing or malformed Authorization header
2024-12-06 16:30:55 INFO  - Received request to register user: gr.aueb.cf.carrentalapp.dto.UserInsertDTO@5c674f6f
2024-12-06 16:30:55 INFO  - Checking for duplicate email: petros.zar@hotmail.com
2024-12-06 16:30:55 INFO  - Mapping DTO to entity: gr.aueb.cf.carrentalapp.dto.UserInsertDTO@5c674f6f
2024-12-06 16:30:55 INFO  - Saving user to database...
2024-12-06 16:30:55 INFO  - Saving user: gr.aueb.cf.carrentalapp.model.User@458f0fe8
2024-12-06 16:30:55 INFO  - Mapping saved user to read-only DTO...
2024-12-06 16:30:55 INFO  - User registered.
2024-12-06 16:42:41 INFO  - Authorization Header: null
2024-12-06 16:42:41 WARN  - Missing or malformed Authorization header
2024-12-06 16:42:41 INFO  - Received request to register user: gr.aueb.cf.carrentalapp.dto.UserInsertDTO@28d5c8d7
2024-12-06 16:42:41 INFO  - Checking for duplicate email: petros.zar@hotmail.com
2024-12-06 16:42:41 ERROR - User with email petros.zar@hotmail.com already exists
2024-12-06 16:42:41 ERROR - Error during user registration
gr.aueb.cf.carrentalapp.core.exceptions.AppObjectAlreadyExistsException: User with email petros.zar@hotmail.com already exists
	at gr.aueb.cf.carrentalapp.service.UserService.saveUser(UserService.java:40)
	at java.base/jdk.internal.reflect.NativeMethodAccessorImpl.invoke0(Native Method)
	at java.base/jdk.internal.reflect.NativeMethodAccessorImpl.invoke(NativeMethodAccessorImpl.java:77)
	at java.base/jdk.internal.reflect.DelegatingMethodAccessorImpl.invoke(DelegatingMethodAccessorImpl.java:43)
	at java.base/java.lang.reflect.Method.invoke(Method.java:569)
	at org.springframework.aop.support.AopUtils.invokeJoinpointUsingReflection(AopUtils.java:355)
	at org.springframework.aop.framework.ReflectiveMethodInvocation.invokeJoinpoint(ReflectiveMethodInvocation.java:196)
	at org.springframework.aop.framework.ReflectiveMethodInvocation.proceed(ReflectiveMethodInvocation.java:163)
	at org.springframework.aop.framework.CglibAopProxy$CglibMethodInvocation.proceed(CglibAopProxy.java:768)
	at org.springframework.transaction.interceptor.TransactionAspectSupport.invokeWithinTransaction(TransactionAspectSupport.java:379)
	at org.springframework.transaction.interceptor.TransactionInterceptor.invoke(TransactionInterceptor.java:119)
	at org.springframework.aop.framework.ReflectiveMethodInvocation.proceed(ReflectiveMethodInvocation.java:184)
	at org.springframework.aop.framework.CglibAopProxy$CglibMethodInvocation.proceed(CglibAopProxy.java:768)
	at org.springframework.aop.framework.CglibAopProxy$DynamicAdvisedInterceptor.intercept(CglibAopProxy.java:720)
	at gr.aueb.cf.carrentalapp.service.UserService$$SpringCGLIB$$0.saveUser(<generated>)
	at gr.aueb.cf.carrentalapp.rest.AuthRestController.saveUser(AuthRestController.java:53)
	at java.base/jdk.internal.reflect.NativeMethodAccessorImpl.invoke0(Native Method)
	at java.base/jdk.internal.reflect.NativeMethodAccessorImpl.invoke(NativeMethodAccessorImpl.java:77)
	at java.base/jdk.internal.reflect.DelegatingMethodAccessorImpl.invoke(DelegatingMethodAccessorImpl.java:43)
	at java.base/java.lang.reflect.Method.invoke(Method.java:569)
	at org.springframework.web.method.support.InvocableHandlerMethod.doInvoke(InvocableHandlerMethod.java:255)
	at org.springframework.web.method.support.InvocableHandlerMethod.invokeForRequest(InvocableHandlerMethod.java:188)
	at org.springframework.web.servlet.mvc.method.annotation.ServletInvocableHandlerMethod.invokeAndHandle(ServletInvocableHandlerMethod.java:118)
	at org.springframework.web.servlet.mvc.method.annotation.RequestMappingHandlerAdapter.invokeHandlerMethod(RequestMappingHandlerAdapter.java:926)
	at org.springframework.web.servlet.mvc.method.annotation.RequestMappingHandlerAdapter.handleInternal(RequestMappingHandlerAdapter.java:831)
	at org.springframework.web.servlet.mvc.method.AbstractHandlerMethodAdapter.handle(AbstractHandlerMethodAdapter.java:87)
	at org.springframework.web.servlet.DispatcherServlet.doDispatch(DispatcherServlet.java:1089)
	at org.springframework.web.servlet.DispatcherServlet.doService(DispatcherServlet.java:979)
	at org.springframework.web.servlet.FrameworkServlet.processRequest(FrameworkServlet.java:1014)
	at org.springframework.web.servlet.FrameworkServlet.doPost(FrameworkServlet.java:914)
	at jakarta.servlet.http.HttpServlet.service(HttpServlet.java:590)
	at org.springframework.web.servlet.FrameworkServlet.service(FrameworkServlet.java:885)
	at jakarta.servlet.http.HttpServlet.service(HttpServlet.java:658)
	at org.apache.catalina.core.ApplicationFilterChain.internalDoFilter(ApplicationFilterChain.java:195)
	at org.apache.catalina.core.ApplicationFilterChain.doFilter(ApplicationFilterChain.java:140)
	at org.apache.tomcat.websocket.server.WsFilter.doFilter(WsFilter.java:51)
	at org.apache.catalina.core.ApplicationFilterChain.internalDoFilter(ApplicationFilterChain.java:164)
	at org.apache.catalina.core.ApplicationFilterChain.doFilter(ApplicationFilterChain.java:140)
	at org.springframework.web.filter.OncePerRequestFilter.doFilter(OncePerRequestFilter.java:110)
	at org.apache.catalina.core.ApplicationFilterChain.internalDoFilter(ApplicationFilterChain.java:164)
	at org.apache.catalina.core.ApplicationFilterChain.doFilter(ApplicationFilterChain.java:140)
	at org.springframework.web.filter.CompositeFilter$VirtualFilterChain.doFilter(CompositeFilter.java:108)
	at org.springframework.security.web.FilterChainProxy.lambda$doFilterInternal$3(FilterChainProxy.java:231)
	at org.springframework.security.web.FilterChainProxy$VirtualFilterChain.doFilter(FilterChainProxy.java:365)
	at org.springframework.security.web.access.intercept.AuthorizationFilter.doFilter(AuthorizationFilter.java:100)
	at org.springframework.security.web.FilterChainProxy$VirtualFilterChain.doFilter(FilterChainProxy.java:374)
	at org.springframework.security.web.access.ExceptionTranslationFilter.doFilter(ExceptionTranslationFilter.java:126)
	at org.springframework.security.web.access.ExceptionTranslationFilter.doFilter(ExceptionTranslationFilter.java:120)
	at org.springframework.security.web.FilterChainProxy$VirtualFilterChain.doFilter(FilterChainProxy.java:374)
	at org.springframework.security.web.session.SessionManagementFilter.doFilter(SessionManagementFilter.java:131)
	at org.springframework.security.web.session.SessionManagementFilter.doFilter(SessionManagementFilter.java:85)
	at org.springframework.security.web.FilterChainProxy$VirtualFilterChain.doFilter(FilterChainProxy.java:374)
	at org.springframework.security.web.authentication.AnonymousAuthenticationFilter.doFilter(AnonymousAuthenticationFilter.java:100)
	at org.springframework.security.web.FilterChainProxy$VirtualFilterChain.doFilter(FilterChainProxy.java:374)
	at org.springframework.security.web.servletapi.SecurityContextHolderAwareRequestFilter.doFilter(SecurityContextHolderAwareRequestFilter.java:179)
	at org.springframework.security.web.FilterChainProxy$VirtualFilterChain.doFilter(FilterChainProxy.java:374)
	at org.springframework.security.web.savedrequest.RequestCacheAwareFilter.doFilter(RequestCacheAwareFilter.java:63)
	at org.springframework.security.web.FilterChainProxy$VirtualFilterChain.doFilter(FilterChainProxy.java:374)
	at gr.aueb.cf.carrentalapp.authentication.JwtAuthenticationFilter.doFilterInternal(JwtAuthenticationFilter.java:46)
	at org.springframework.web.filter.OncePerRequestFilter.doFilter(OncePerRequestFilter.java:116)
	at org.springframework.security.web.FilterChainProxy$VirtualFilterChain.doFilter(FilterChainProxy.java:374)
	at org.springframework.security.web.authentication.logout.LogoutFilter.doFilter(LogoutFilter.java:107)
	at org.springframework.security.web.authentication.logout.LogoutFilter.doFilter(LogoutFilter.java:93)
	at org.springframework.security.web.FilterChainProxy$VirtualFilterChain.doFilter(FilterChainProxy.java:374)
	at org.springframework.web.filter.CorsFilter.doFilterInternal(CorsFilter.java:91)
	at org.springframework.web.filter.OncePerRequestFilter.doFilter(OncePerRequestFilter.java:116)
	at org.springframework.security.web.FilterChainProxy$VirtualFilterChain.doFilter(FilterChainProxy.java:374)
	at org.springframework.security.web.header.HeaderWriterFilter.doHeadersAfter(HeaderWriterFilter.java:90)
	at org.springframework.security.web.header.HeaderWriterFilter.doFilterInternal(HeaderWriterFilter.java:75)
	at org.springframework.web.filter.OncePerRequestFilter.doFilter(OncePerRequestFilter.java:116)
	at org.springframework.security.web.FilterChainProxy$VirtualFilterChain.doFilter(FilterChainProxy.java:374)
	at org.springframework.security.web.context.SecurityContextHolderFilter.doFilter(SecurityContextHolderFilter.java:82)
	at org.springframework.security.web.context.SecurityContextHolderFilter.doFilter(SecurityContextHolderFilter.java:69)
	at org.springframework.security.web.FilterChainProxy$VirtualFilterChain.doFilter(FilterChainProxy.java:374)
	at org.springframework.security.web.context.request.async.WebAsyncManagerIntegrationFilter.doFilterInternal(WebAsyncManagerIntegrationFilter.java:62)
	at org.springframework.web.filter.OncePerRequestFilter.doFilter(OncePerRequestFilter.java:116)
	at org.springframework.security.web.FilterChainProxy$VirtualFilterChain.doFilter(FilterChainProxy.java:374)
	at org.springframework.security.web.session.DisableEncodeUrlFilter.doFilterInternal(DisableEncodeUrlFilter.java:42)
	at org.springframework.web.filter.OncePerRequestFilter.doFilter(OncePerRequestFilter.java:116)
	at org.springframework.security.web.FilterChainProxy$VirtualFilterChain.doFilter(FilterChainProxy.java:374)
	at org.springframework.security.web.FilterChainProxy.doFilterInternal(FilterChainProxy.java:233)
	at org.springframework.security.web.FilterChainProxy.doFilter(FilterChainProxy.java:191)
	at org.springframework.web.filter.CompositeFilter$VirtualFilterChain.doFilter(CompositeFilter.java:113)
	at org.springframework.web.servlet.handler.HandlerMappingIntrospector.lambda$createCacheFilter$3(HandlerMappingIntrospector.java:195)
	at org.springframework.web.filter.CompositeFilter$VirtualFilterChain.doFilter(CompositeFilter.java:113)
	at org.springframework.web.filter.CompositeFilter.doFilter(CompositeFilter.java:74)
	at org.springframework.security.config.annotation.web.configuration.WebMvcSecurityConfiguration$CompositeFilterChainProxy.doFilter(WebMvcSecurityConfiguration.java:230)
	at org.springframework.web.filter.DelegatingFilterProxy.invokeDelegate(DelegatingFilterProxy.java:362)
	at org.springframework.web.filter.DelegatingFilterProxy.doFilter(DelegatingFilterProxy.java:278)
	at org.apache.catalina.core.ApplicationFilterChain.internalDoFilter(ApplicationFilterChain.java:164)
	at org.apache.catalina.core.ApplicationFilterChain.doFilter(ApplicationFilterChain.java:140)
	at org.springframework.web.filter.RequestContextFilter.doFilterInternal(RequestContextFilter.java:100)
	at org.springframework.web.filter.OncePerRequestFilter.doFilter(OncePerRequestFilter.java:116)
	at org.apache.catalina.core.ApplicationFilterChain.internalDoFilter(ApplicationFilterChain.java:164)
	at org.apache.catalina.core.ApplicationFilterChain.doFilter(ApplicationFilterChain.java:140)
	at org.springframework.web.filter.FormContentFilter.doFilterInternal(FormContentFilter.java:93)
	at org.springframework.web.filter.OncePerRequestFilter.doFilter(OncePerRequestFilter.java:116)
	at org.apache.catalina.core.ApplicationFilterChain.internalDoFilter(ApplicationFilterChain.java:164)
	at org.apache.catalina.core.ApplicationFilterChain.doFilter(ApplicationFilterChain.java:140)
	at org.springframework.web.filter.CharacterEncodingFilter.doFilterInternal(CharacterEncodingFilter.java:201)
	at org.springframework.web.filter.OncePerRequestFilter.doFilter(OncePerRequestFilter.java:116)
	at org.apache.catalina.core.ApplicationFilterChain.internalDoFilter(ApplicationFilterChain.java:164)
	at org.apache.catalina.core.ApplicationFilterChain.doFilter(ApplicationFilterChain.java:140)
	at org.apache.catalina.core.StandardWrapperValve.invoke(StandardWrapperValve.java:167)
	at org.apache.catalina.core.StandardContextValve.invoke(StandardContextValve.java:90)
	at org.apache.catalina.authenticator.AuthenticatorBase.invoke(AuthenticatorBase.java:483)
	at org.apache.catalina.core.StandardHostValve.invoke(StandardHostValve.java:115)
	at org.apache.catalina.valves.ErrorReportValve.invoke(ErrorReportValve.java:93)
	at org.apache.catalina.core.StandardEngineValve.invoke(StandardEngineValve.java:74)
	at org.apache.catalina.connector.CoyoteAdapter.service(CoyoteAdapter.java:344)
	at org.apache.coyote.http11.Http11Processor.service(Http11Processor.java:384)
	at org.apache.coyote.AbstractProcessorLight.process(AbstractProcessorLight.java:63)
	at org.apache.coyote.AbstractProtocol$ConnectionHandler.process(AbstractProtocol.java:905)
	at org.apache.tomcat.util.net.NioEndpoint$SocketProcessor.doRun(NioEndpoint.java:1741)
	at org.apache.tomcat.util.net.SocketProcessorBase.run(SocketProcessorBase.java:52)
	at org.apache.tomcat.util.threads.ThreadPoolExecutor.runWorker(ThreadPoolExecutor.java:1190)
	at org.apache.tomcat.util.threads.ThreadPoolExecutor$Worker.run(ThreadPoolExecutor.java:659)
	at org.apache.tomcat.util.threads.TaskThread$WrappingRunnable.run(TaskThread.java:63)
	at java.base/java.lang.Thread.run(Thread.java:840)
2024-12-06 16:44:40 INFO  - Authorization Header: null
2024-12-06 16:44:40 WARN  - Missing or malformed Authorization header
2024-12-06 16:44:40 INFO  - Received request to register user: gr.aueb.cf.carrentalapp.dto.UserInsertDTO@789366f1
2024-12-06 16:44:40 INFO  - Checking for duplicate email: GGGGGGG@hotmail.com
2024-12-06 16:44:40 INFO  - Mapping DTO to entity: gr.aueb.cf.carrentalapp.dto.UserInsertDTO@789366f1
2024-12-06 16:44:40 INFO  - Saving user to database...
2024-12-06 16:44:40 INFO  - Saving user: gr.aueb.cf.carrentalapp.model.User@117947de
2024-12-06 16:44:40 INFO  - Mapping saved user to read-only DTO...
2024-12-06 16:44:40 INFO  - User registered.
2024-12-06 16:55:32 INFO  - HV000001: Hibernate Validator 8.0.1.Final
2024-12-06 16:55:32 INFO  - Starting CarRentalApplication using Java 17.0.12 with PID 10804 (C:\Users\Administrator\Desktop\Coding Factory\Final Project\car-rental\build\classes\java\main started by Administrator in C:\Users\Administrator\Desktop\Coding Factory\Final Project\car-rental)
2024-12-06 16:55:32 INFO  - The following 1 profile is active: "test"
2024-12-06 16:55:32 INFO  - Bootstrapping Spring Data JPA repositories in DEFAULT mode.
2024-12-06 16:55:32 INFO  - Finished Spring Data repository scanning in 53 ms. Found 6 JPA repository interfaces.
2024-12-06 16:55:33 INFO  - Tomcat initialized with port 8080 (http)
2024-12-06 16:55:33 INFO  - Root WebApplicationContext: initialization completed in 993 ms
2024-12-06 16:55:33 INFO  - HHH000412: Hibernate ORM core version 6.5.3.Final
2024-12-06 16:55:33 INFO  - HHH000026: Second-level cache disabled
2024-12-06 16:55:33 INFO  - No LoadTimeWeaver setup: ignoring JPA class transformer
2024-12-06 16:55:33 WARN  - HHH90000025: MySQLDialect does not need to be specified explicitly using 'hibernate.dialect' (remove the property setting and it will be selected by default)
2024-12-06 16:55:34 INFO  - HHH000489: No JTA platform available (set 'hibernate.transaction.jta.platform' to enable JTA platform integration)
2024-12-06 16:55:34 INFO  - Initialized JPA EntityManagerFactory for persistence unit 'default'
2024-12-06 16:55:34 INFO  - Global AuthenticationManager configured with UserDetailsService bean with name customUserDetailsService
2024-12-06 16:55:35 INFO  - Tomcat started on port 8080 (http) with context path '/'
2024-12-06 16:55:35 INFO  - Started CarRentalApplication in 3.321 seconds (process running for 3.544)
2024-12-06 21:54:00 INFO  - HV000001: Hibernate Validator 8.0.1.Final
2024-12-06 21:54:00 INFO  - Starting CarRentalApplication using Java 17.0.12 with PID 16848 (C:\Users\Administrator\Desktop\Coding Factory\Final Project\car-rental\build\classes\java\main started by Administrator in C:\Users\Administrator\Desktop\Coding Factory\Final Project\car-rental)
2024-12-06 21:54:00 INFO  - The following 1 profile is active: "test"
2024-12-06 21:54:01 INFO  - Bootstrapping Spring Data JPA repositories in DEFAULT mode.
2024-12-06 21:54:01 INFO  - Finished Spring Data repository scanning in 46 ms. Found 6 JPA repository interfaces.
2024-12-06 21:54:02 INFO  - Tomcat initialized with port 8080 (http)
2024-12-06 21:54:02 INFO  - Root WebApplicationContext: initialization completed in 1162 ms
2024-12-06 21:54:02 INFO  - HHH000412: Hibernate ORM core version 6.5.3.Final
2024-12-06 21:54:02 INFO  - HHH000026: Second-level cache disabled
2024-12-06 21:54:02 INFO  - No LoadTimeWeaver setup: ignoring JPA class transformer
2024-12-06 21:54:02 WARN  - HHH90000025: MySQLDialect does not need to be specified explicitly using 'hibernate.dialect' (remove the property setting and it will be selected by default)
2024-12-06 21:54:03 INFO  - HHH000489: No JTA platform available (set 'hibernate.transaction.jta.platform' to enable JTA platform integration)
2024-12-06 21:54:03 INFO  - Initialized JPA EntityManagerFactory for persistence unit 'default'
2024-12-06 21:54:03 INFO  - Global AuthenticationManager configured with UserDetailsService bean with name customUserDetailsService
2024-12-06 21:54:04 INFO  - Tomcat started on port 8080 (http) with context path '/'
2024-12-06 21:54:04 INFO  - Started CarRentalApplication in 3.866 seconds (process running for 4.107)
2024-12-06 21:57:14 INFO  - Initializing Servlet 'dispatcherServlet'
2024-12-06 21:57:14 INFO  - Completed initialization in 1 ms
2024-12-06 21:57:14 INFO  - Authorization Header: null
2024-12-06 21:57:14 WARN  - Missing or malformed Authorization header
2024-12-06 21:57:14 INFO  - Received request to register user: gr.aueb.cf.carrentalapp.dto.UserInsertDTO@58500261
2024-12-06 21:57:14 INFO  - Checking for duplicate email: jahavjhx@hvmhax.com
2024-12-06 21:57:14 INFO  - Mapping DTO to entity: gr.aueb.cf.carrentalapp.dto.UserInsertDTO@58500261
2024-12-06 21:57:14 INFO  - Saving user to database...
2024-12-06 21:57:14 INFO  - Saving user: gr.aueb.cf.carrentalapp.model.User@3333cae1
2024-12-06 21:57:14 INFO  - Mapping saved user to read-only DTO...
2024-12-06 21:57:14 INFO  - User registered.
