2024-12-04 15:10:03 INFO  - HV000001: Hibernate Validator 8.0.1.Final
2024-12-04 15:10:03 INFO  - Starting CarRentalApplication using Java 17.0.12 with PID 17960 (C:\Users\Administrator\Desktop\Coding Factory\Final Project\car-rental\build\classes\java\main started by Administrator in C:\Users\Administrator\Desktop\Coding Factory\Final Project\car-rental)
2024-12-04 15:10:03 INFO  - The following 1 profile is active: "test"
2024-12-04 15:10:04 INFO  - Bootstrapping Spring Data JPA repositories in DEFAULT mode.
2024-12-04 15:10:04 INFO  - Finished Spring Data repository scanning in 50 ms. Found 6 JPA repository interfaces.
2024-12-04 15:10:05 INFO  - Tomcat initialized with port 8080 (http)
2024-12-04 15:10:05 INFO  - Root WebApplicationContext: initialization completed in 1265 ms
2024-12-04 15:10:05 INFO  - HHH000412: Hibernate ORM core version 6.5.3.Final
2024-12-04 15:10:05 INFO  - HHH000026: Second-level cache disabled
2024-12-04 15:10:05 INFO  - No LoadTimeWeaver setup: ignoring JPA class transformer
2024-12-04 15:10:05 WARN  - HHH90000025: MySQLDialect does not need to be specified explicitly using 'hibernate.dialect' (remove the property setting and it will be selected by default)
2024-12-04 15:10:06 INFO  - HHH000489: No JTA platform available (set 'hibernate.transaction.jta.platform' to enable JTA platform integration)
2024-12-04 15:10:06 INFO  - Initialized JPA EntityManagerFactory for persistence unit 'default'
2024-12-04 15:10:06 INFO  - Global AuthenticationManager configured with UserDetailsService bean with name customUserDetailsService
2024-12-04 15:10:07 INFO  - Tomcat started on port 8080 (http) with context path '/'
2024-12-04 15:10:07 INFO  - Started CarRentalApplication in 4.043 seconds (process running for 4.274)
2024-12-04 15:12:08 INFO  - Initializing Servlet 'dispatcherServlet'
2024-12-04 15:12:08 INFO  - Completed initialization in 1 ms
2024-12-04 15:12:08 INFO  - Authorization Header: null
2024-12-04 15:12:08 WARN  - Missing or malformed Authorization header
2024-12-04 15:12:35 INFO  - Authorization Header: null
2024-12-04 15:12:35 WARN  - Missing or malformed Authorization header
2024-12-04 15:13:28 INFO  - Authorization Header: null
2024-12-04 15:13:28 WARN  - Missing or malformed Authorization header
2024-12-04 15:13:28 INFO  - User authenticated.
