2024-12-14 12:39:38 INFO  - HV000001: Hibernate Validator 8.0.1.Final
2024-12-14 12:39:38 INFO  - Starting CarRentalApplication using Java 17.0.12 with PID 3200 (C:\Users\Administrator\Desktop\Coding Factory\Final Project\car-rental\build\classes\java\main started by Administrator in C:\Users\Administrator\Desktop\Coding Factory\Final Project\car-rental)
2024-12-14 12:39:38 INFO  - The following 1 profile is active: "test"
2024-12-14 12:39:40 INFO  - Bootstrapping Spring Data JPA repositories in DEFAULT mode.
2024-12-14 12:39:40 INFO  - Finished Spring Data repository scanning in 73 ms. Found 6 JPA repository interfaces.
2024-12-14 12:39:40 INFO  - Tomcat initialized with port 8080 (http)
2024-12-14 12:39:40 INFO  - Root WebApplicationContext: initialization completed in 1849 ms
2024-12-14 12:39:40 INFO  - HHH000412: Hibernate ORM core version 6.5.3.Final
2024-12-14 12:39:41 INFO  - HHH000026: Second-level cache disabled
2024-12-14 12:39:41 INFO  - No LoadTimeWeaver setup: ignoring JPA class transformer
2024-12-14 12:39:41 WARN  - HHH90000025: MySQLDialect does not need to be specified explicitly using 'hibernate.dialect' (remove the property setting and it will be selected by default)
2024-12-14 12:39:42 INFO  - HHH000489: No JTA platform available (set 'hibernate.transaction.jta.platform' to enable JTA platform integration)
2024-12-14 12:39:42 INFO  - Initialized JPA EntityManagerFactory for persistence unit 'default'
2024-12-14 12:39:43 INFO  - Global AuthenticationManager configured with UserDetailsService bean with name customUserDetailsService
2024-12-14 12:39:43 INFO  - Tomcat started on port 8080 (http) with context path '/'
2024-12-14 12:39:43 INFO  - Started CarRentalApplication in 5.553 seconds (process running for 5.916)
2024-12-14 12:41:07 INFO  - Initializing Servlet 'dispatcherServlet'
2024-12-14 12:41:07 INFO  - Completed initialization in 0 ms
2024-12-14 12:41:07 INFO  - Authorization Header: null
2024-12-14 12:41:07 WARN  - Missing or malformed Authorization header
2024-12-14 12:41:15 INFO  - Authorization Header: null
2024-12-14 12:41:15 WARN  - Missing or malformed Authorization header
2024-12-14 12:41:36 INFO  - Authorization Header: null
2024-12-14 12:41:36 WARN  - Missing or malformed Authorization header
2024-12-14 12:41:36 INFO  - User authenticated.
2024-12-14 12:42:38 INFO  - Authorization Header: Bearer eyJhbGciOiJIUzI1NiJ9.eyJyb2xlIjoiU1VQRVJfQURNSU4iLCJzdWIiOiJTdXBlckFkbWluIiwiaWF0IjoxNzM0MTcyODk2LCJleHAiOjE3MzQyMTYwOTZ9.HJMP48_tpi0h1wGSAlBouz3EiZH3yEWbjCVFB_dJYBk
2024-12-14 12:42:38 INFO  - Authorization Header: Bearer eyJhbGciOiJIUzI1NiJ9.eyJyb2xlIjoiU1VQRVJfQURNSU4iLCJzdWIiOiJTdXBlckFkbWluIiwiaWF0IjoxNzM0MTcyODk2LCJleHAiOjE3MzQyMTYwOTZ9.HJMP48_tpi0h1wGSAlBouz3EiZH3yEWbjCVFB_dJYBk
2024-12-14 12:42:38 INFO  - Authorization Header: Bearer eyJhbGciOiJIUzI1NiJ9.eyJyb2xlIjoiU1VQRVJfQURNSU4iLCJzdWIiOiJTdXBlckFkbWluIiwiaWF0IjoxNzM0MTcyODk2LCJleHAiOjE3MzQyMTYwOTZ9.HJMP48_tpi0h1wGSAlBouz3EiZH3yEWbjCVFB_dJYBk
2024-12-14 12:42:38 INFO  - Extracted JWT: eyJhbGciOiJIUzI1NiJ9.eyJyb2xlIjoiU1VQRVJfQURNSU4iLCJzdWIiOiJTdXBlckFkbWluIiwiaWF0IjoxNzM0MTcyODk2LCJleHAiOjE3MzQyMTYwOTZ9.HJMP48_tpi0h1wGSAlBouz3EiZH3yEWbjCVFB_dJYBk
2024-12-14 12:42:38 INFO  - Extracted JWT: eyJhbGciOiJIUzI1NiJ9.eyJyb2xlIjoiU1VQRVJfQURNSU4iLCJzdWIiOiJTdXBlckFkbWluIiwiaWF0IjoxNzM0MTcyODk2LCJleHAiOjE3MzQyMTYwOTZ9.HJMP48_tpi0h1wGSAlBouz3EiZH3yEWbjCVFB_dJYBk
2024-12-14 12:42:38 INFO  - Extracted JWT: eyJhbGciOiJIUzI1NiJ9.eyJyb2xlIjoiU1VQRVJfQURNSU4iLCJzdWIiOiJTdXBlckFkbWluIiwiaWF0IjoxNzM0MTcyODk2LCJleHAiOjE3MzQyMTYwOTZ9.HJMP48_tpi0h1wGSAlBouz3EiZH3yEWbjCVFB_dJYBk
2024-12-14 12:42:38 INFO  - Authorization Header: Bearer eyJhbGciOiJIUzI1NiJ9.eyJyb2xlIjoiU1VQRVJfQURNSU4iLCJzdWIiOiJTdXBlckFkbWluIiwiaWF0IjoxNzM0MTcyODk2LCJleHAiOjE3MzQyMTYwOTZ9.HJMP48_tpi0h1wGSAlBouz3EiZH3yEWbjCVFB_dJYBk
2024-12-14 12:42:38 INFO  - Extracted JWT: eyJhbGciOiJIUzI1NiJ9.eyJyb2xlIjoiU1VQRVJfQURNSU4iLCJzdWIiOiJTdXBlckFkbWluIiwiaWF0IjoxNzM0MTcyODk2LCJleHAiOjE3MzQyMTYwOTZ9.HJMP48_tpi0h1wGSAlBouz3EiZH3yEWbjCVFB_dJYBk
2024-12-14 12:42:38 INFO  - Populating SecurityContextHolder for user: SuperAdmin
2024-12-14 12:42:38 INFO  - Populating SecurityContextHolder for user: SuperAdmin
2024-12-14 12:42:38 INFO  - Populating SecurityContextHolder for user: SuperAdmin
2024-12-14 12:42:38 INFO  - Populating SecurityContextHolder for user: SuperAdmin
2024-12-14 12:42:38 INFO  - Authenticated username: SuperAdmin
2024-12-14 12:42:39 WARN  - Serializing PageImpl instances as-is is not supported, meaning that there is no guarantee about the stability of the resulting JSON structure!
	For a stable JSON structure, please use Spring Data's PagedModel (globally via @EnableSpringDataWebSupport(pageSerializationMode = VIA_DTO))
	or Spring HATEOAS and Spring Data's PagedResourcesAssembler as documented in https://docs.spring.io/spring-data/commons/reference/repositories/core-extensions.html#core.web.pageables.

2024-12-14 12:42:40 INFO  - Authorization Header: Bearer eyJhbGciOiJIUzI1NiJ9.eyJyb2xlIjoiU1VQRVJfQURNSU4iLCJzdWIiOiJTdXBlckFkbWluIiwiaWF0IjoxNzM0MTcyODk2LCJleHAiOjE3MzQyMTYwOTZ9.HJMP48_tpi0h1wGSAlBouz3EiZH3yEWbjCVFB_dJYBk
2024-12-14 12:42:40 INFO  - Extracted JWT: eyJhbGciOiJIUzI1NiJ9.eyJyb2xlIjoiU1VQRVJfQURNSU4iLCJzdWIiOiJTdXBlckFkbWluIiwiaWF0IjoxNzM0MTcyODk2LCJleHAiOjE3MzQyMTYwOTZ9.HJMP48_tpi0h1wGSAlBouz3EiZH3yEWbjCVFB_dJYBk
2024-12-14 12:42:40 INFO  - Populating SecurityContextHolder for user: SuperAdmin
2024-12-14 12:42:40 INFO  - Authenticated username: SuperAdmin
2024-12-14 12:42:41 INFO  - Authorization Header: Bearer eyJhbGciOiJIUzI1NiJ9.eyJyb2xlIjoiU1VQRVJfQURNSU4iLCJzdWIiOiJTdXBlckFkbWluIiwiaWF0IjoxNzM0MTcyODk2LCJleHAiOjE3MzQyMTYwOTZ9.HJMP48_tpi0h1wGSAlBouz3EiZH3yEWbjCVFB_dJYBk
2024-12-14 12:42:41 INFO  - Extracted JWT: eyJhbGciOiJIUzI1NiJ9.eyJyb2xlIjoiU1VQRVJfQURNSU4iLCJzdWIiOiJTdXBlckFkbWluIiwiaWF0IjoxNzM0MTcyODk2LCJleHAiOjE3MzQyMTYwOTZ9.HJMP48_tpi0h1wGSAlBouz3EiZH3yEWbjCVFB_dJYBk
2024-12-14 12:42:41 INFO  - Populating SecurityContextHolder for user: SuperAdmin
2024-12-14 12:42:41 INFO  - Authenticated username: SuperAdmin
2024-12-14 12:42:42 INFO  - Authorization Header: Bearer eyJhbGciOiJIUzI1NiJ9.eyJyb2xlIjoiU1VQRVJfQURNSU4iLCJzdWIiOiJTdXBlckFkbWluIiwiaWF0IjoxNzM0MTcyODk2LCJleHAiOjE3MzQyMTYwOTZ9.HJMP48_tpi0h1wGSAlBouz3EiZH3yEWbjCVFB_dJYBk
2024-12-14 12:42:42 INFO  - Extracted JWT: eyJhbGciOiJIUzI1NiJ9.eyJyb2xlIjoiU1VQRVJfQURNSU4iLCJzdWIiOiJTdXBlckFkbWluIiwiaWF0IjoxNzM0MTcyODk2LCJleHAiOjE3MzQyMTYwOTZ9.HJMP48_tpi0h1wGSAlBouz3EiZH3yEWbjCVFB_dJYBk
2024-12-14 12:42:42 INFO  - Populating SecurityContextHolder for user: SuperAdmin
2024-12-14 12:42:42 INFO  - Authenticated username: SuperAdmin
2024-12-14 12:43:04 INFO  - Authorization Header: Bearer eyJhbGciOiJIUzI1NiJ9.eyJyb2xlIjoiU1VQRVJfQURNSU4iLCJzdWIiOiJTdXBlckFkbWluIiwiaWF0IjoxNzM0MTcyODk2LCJleHAiOjE3MzQyMTYwOTZ9.HJMP48_tpi0h1wGSAlBouz3EiZH3yEWbjCVFB_dJYBk
2024-12-14 12:43:04 INFO  - Extracted JWT: eyJhbGciOiJIUzI1NiJ9.eyJyb2xlIjoiU1VQRVJfQURNSU4iLCJzdWIiOiJTdXBlckFkbWluIiwiaWF0IjoxNzM0MTcyODk2LCJleHAiOjE3MzQyMTYwOTZ9.HJMP48_tpi0h1wGSAlBouz3EiZH3yEWbjCVFB_dJYBk
2024-12-14 12:43:04 INFO  - Populating SecurityContextHolder for user: SuperAdmin
2024-12-14 12:43:16 INFO  - Authorization Header: Bearer eyJhbGciOiJIUzI1NiJ9.eyJyb2xlIjoiU1VQRVJfQURNSU4iLCJzdWIiOiJTdXBlckFkbWluIiwiaWF0IjoxNzM0MTcyODk2LCJleHAiOjE3MzQyMTYwOTZ9.HJMP48_tpi0h1wGSAlBouz3EiZH3yEWbjCVFB_dJYBk
2024-12-14 12:43:16 INFO  - Extracted JWT: eyJhbGciOiJIUzI1NiJ9.eyJyb2xlIjoiU1VQRVJfQURNSU4iLCJzdWIiOiJTdXBlckFkbWluIiwiaWF0IjoxNzM0MTcyODk2LCJleHAiOjE3MzQyMTYwOTZ9.HJMP48_tpi0h1wGSAlBouz3EiZH3yEWbjCVFB_dJYBk
2024-12-14 12:43:16 INFO  - Populating SecurityContextHolder for user: SuperAdmin
2024-12-14 12:43:16 INFO  - Authorization Header: Bearer eyJhbGciOiJIUzI1NiJ9.eyJyb2xlIjoiU1VQRVJfQURNSU4iLCJzdWIiOiJTdXBlckFkbWluIiwiaWF0IjoxNzM0MTcyODk2LCJleHAiOjE3MzQyMTYwOTZ9.HJMP48_tpi0h1wGSAlBouz3EiZH3yEWbjCVFB_dJYBk
2024-12-14 12:43:16 INFO  - Extracted JWT: eyJhbGciOiJIUzI1NiJ9.eyJyb2xlIjoiU1VQRVJfQURNSU4iLCJzdWIiOiJTdXBlckFkbWluIiwiaWF0IjoxNzM0MTcyODk2LCJleHAiOjE3MzQyMTYwOTZ9.HJMP48_tpi0h1wGSAlBouz3EiZH3yEWbjCVFB_dJYBk
2024-12-14 12:43:16 INFO  - Populating SecurityContextHolder for user: SuperAdmin
2024-12-14 12:43:16 INFO  - Authenticated username: SuperAdmin
2024-12-14 12:43:46 INFO  - Authorization Header: Bearer eyJhbGciOiJIUzI1NiJ9.eyJyb2xlIjoiU1VQRVJfQURNSU4iLCJzdWIiOiJTdXBlckFkbWluIiwiaWF0IjoxNzM0MTcyODk2LCJleHAiOjE3MzQyMTYwOTZ9.HJMP48_tpi0h1wGSAlBouz3EiZH3yEWbjCVFB_dJYBk
2024-12-14 12:43:46 INFO  - Extracted JWT: eyJhbGciOiJIUzI1NiJ9.eyJyb2xlIjoiU1VQRVJfQURNSU4iLCJzdWIiOiJTdXBlckFkbWluIiwiaWF0IjoxNzM0MTcyODk2LCJleHAiOjE3MzQyMTYwOTZ9.HJMP48_tpi0h1wGSAlBouz3EiZH3yEWbjCVFB_dJYBk
2024-12-14 12:43:46 INFO  - Authorization Header: Bearer eyJhbGciOiJIUzI1NiJ9.eyJyb2xlIjoiU1VQRVJfQURNSU4iLCJzdWIiOiJTdXBlckFkbWluIiwiaWF0IjoxNzM0MTcyODk2LCJleHAiOjE3MzQyMTYwOTZ9.HJMP48_tpi0h1wGSAlBouz3EiZH3yEWbjCVFB_dJYBk
2024-12-14 12:43:46 INFO  - Extracted JWT: eyJhbGciOiJIUzI1NiJ9.eyJyb2xlIjoiU1VQRVJfQURNSU4iLCJzdWIiOiJTdXBlckFkbWluIiwiaWF0IjoxNzM0MTcyODk2LCJleHAiOjE3MzQyMTYwOTZ9.HJMP48_tpi0h1wGSAlBouz3EiZH3yEWbjCVFB_dJYBk
2024-12-14 12:43:46 INFO  - Authorization Header: Bearer eyJhbGciOiJIUzI1NiJ9.eyJyb2xlIjoiU1VQRVJfQURNSU4iLCJzdWIiOiJTdXBlckFkbWluIiwiaWF0IjoxNzM0MTcyODk2LCJleHAiOjE3MzQyMTYwOTZ9.HJMP48_tpi0h1wGSAlBouz3EiZH3yEWbjCVFB_dJYBk
2024-12-14 12:43:46 INFO  - Extracted JWT: eyJhbGciOiJIUzI1NiJ9.eyJyb2xlIjoiU1VQRVJfQURNSU4iLCJzdWIiOiJTdXBlckFkbWluIiwiaWF0IjoxNzM0MTcyODk2LCJleHAiOjE3MzQyMTYwOTZ9.HJMP48_tpi0h1wGSAlBouz3EiZH3yEWbjCVFB_dJYBk
2024-12-14 12:43:46 INFO  - Populating SecurityContextHolder for user: SuperAdmin
2024-12-14 12:43:46 INFO  - Populating SecurityContextHolder for user: SuperAdmin
2024-12-14 12:43:46 INFO  - Populating SecurityContextHolder for user: SuperAdmin
2024-12-14 12:44:18 INFO  - Authorization Header: Bearer eyJhbGciOiJIUzI1NiJ9.eyJyb2xlIjoiU1VQRVJfQURNSU4iLCJzdWIiOiJTdXBlckFkbWluIiwiaWF0IjoxNzM0MTcyODk2LCJleHAiOjE3MzQyMTYwOTZ9.HJMP48_tpi0h1wGSAlBouz3EiZH3yEWbjCVFB_dJYBk
2024-12-14 12:44:18 INFO  - Extracted JWT: eyJhbGciOiJIUzI1NiJ9.eyJyb2xlIjoiU1VQRVJfQURNSU4iLCJzdWIiOiJTdXBlckFkbWluIiwiaWF0IjoxNzM0MTcyODk2LCJleHAiOjE3MzQyMTYwOTZ9.HJMP48_tpi0h1wGSAlBouz3EiZH3yEWbjCVFB_dJYBk
2024-12-14 12:44:18 INFO  - Populating SecurityContextHolder for user: SuperAdmin
2024-12-14 12:45:06 INFO  - Authorization Header: Bearer eyJhbGciOiJIUzI1NiJ9.eyJyb2xlIjoiU1VQRVJfQURNSU4iLCJzdWIiOiJTdXBlckFkbWluIiwiaWF0IjoxNzM0MTcyODk2LCJleHAiOjE3MzQyMTYwOTZ9.HJMP48_tpi0h1wGSAlBouz3EiZH3yEWbjCVFB_dJYBk
2024-12-14 12:45:06 INFO  - Extracted JWT: eyJhbGciOiJIUzI1NiJ9.eyJyb2xlIjoiU1VQRVJfQURNSU4iLCJzdWIiOiJTdXBlckFkbWluIiwiaWF0IjoxNzM0MTcyODk2LCJleHAiOjE3MzQyMTYwOTZ9.HJMP48_tpi0h1wGSAlBouz3EiZH3yEWbjCVFB_dJYBk
2024-12-14 12:45:06 INFO  - Populating SecurityContextHolder for user: SuperAdmin
2024-12-14 12:45:23 INFO  - Authorization Header: Bearer eyJhbGciOiJIUzI1NiJ9.eyJyb2xlIjoiU1VQRVJfQURNSU4iLCJzdWIiOiJTdXBlckFkbWluIiwiaWF0IjoxNzM0MTcyODk2LCJleHAiOjE3MzQyMTYwOTZ9.HJMP48_tpi0h1wGSAlBouz3EiZH3yEWbjCVFB_dJYBk
2024-12-14 12:45:23 INFO  - Extracted JWT: eyJhbGciOiJIUzI1NiJ9.eyJyb2xlIjoiU1VQRVJfQURNSU4iLCJzdWIiOiJTdXBlckFkbWluIiwiaWF0IjoxNzM0MTcyODk2LCJleHAiOjE3MzQyMTYwOTZ9.HJMP48_tpi0h1wGSAlBouz3EiZH3yEWbjCVFB_dJYBk
2024-12-14 12:45:23 INFO  - Populating SecurityContextHolder for user: SuperAdmin
2024-12-14 12:45:25 INFO  - Authorization Header: Bearer eyJhbGciOiJIUzI1NiJ9.eyJyb2xlIjoiU1VQRVJfQURNSU4iLCJzdWIiOiJTdXBlckFkbWluIiwiaWF0IjoxNzM0MTcyODk2LCJleHAiOjE3MzQyMTYwOTZ9.HJMP48_tpi0h1wGSAlBouz3EiZH3yEWbjCVFB_dJYBk
2024-12-14 12:45:25 INFO  - Extracted JWT: eyJhbGciOiJIUzI1NiJ9.eyJyb2xlIjoiU1VQRVJfQURNSU4iLCJzdWIiOiJTdXBlckFkbWluIiwiaWF0IjoxNzM0MTcyODk2LCJleHAiOjE3MzQyMTYwOTZ9.HJMP48_tpi0h1wGSAlBouz3EiZH3yEWbjCVFB_dJYBk
2024-12-14 12:45:25 INFO  - Authorization Header: Bearer eyJhbGciOiJIUzI1NiJ9.eyJyb2xlIjoiU1VQRVJfQURNSU4iLCJzdWIiOiJTdXBlckFkbWluIiwiaWF0IjoxNzM0MTcyODk2LCJleHAiOjE3MzQyMTYwOTZ9.HJMP48_tpi0h1wGSAlBouz3EiZH3yEWbjCVFB_dJYBk
2024-12-14 12:45:25 INFO  - Extracted JWT: eyJhbGciOiJIUzI1NiJ9.eyJyb2xlIjoiU1VQRVJfQURNSU4iLCJzdWIiOiJTdXBlckFkbWluIiwiaWF0IjoxNzM0MTcyODk2LCJleHAiOjE3MzQyMTYwOTZ9.HJMP48_tpi0h1wGSAlBouz3EiZH3yEWbjCVFB_dJYBk
2024-12-14 12:45:25 INFO  - Populating SecurityContextHolder for user: SuperAdmin
2024-12-14 12:45:25 INFO  - Populating SecurityContextHolder for user: SuperAdmin
2024-12-14 12:45:36 INFO  - Authorization Header: Bearer eyJhbGciOiJIUzI1NiJ9.eyJyb2xlIjoiU1VQRVJfQURNSU4iLCJzdWIiOiJTdXBlckFkbWluIiwiaWF0IjoxNzM0MTcyODk2LCJleHAiOjE3MzQyMTYwOTZ9.HJMP48_tpi0h1wGSAlBouz3EiZH3yEWbjCVFB_dJYBk
2024-12-14 12:45:36 INFO  - Extracted JWT: eyJhbGciOiJIUzI1NiJ9.eyJyb2xlIjoiU1VQRVJfQURNSU4iLCJzdWIiOiJTdXBlckFkbWluIiwiaWF0IjoxNzM0MTcyODk2LCJleHAiOjE3MzQyMTYwOTZ9.HJMP48_tpi0h1wGSAlBouz3EiZH3yEWbjCVFB_dJYBk
2024-12-14 12:45:36 INFO  - Populating SecurityContextHolder for user: SuperAdmin
2024-12-14 12:45:39 INFO  - Authorization Header: Bearer eyJhbGciOiJIUzI1NiJ9.eyJyb2xlIjoiU1VQRVJfQURNSU4iLCJzdWIiOiJTdXBlckFkbWluIiwiaWF0IjoxNzM0MTcyODk2LCJleHAiOjE3MzQyMTYwOTZ9.HJMP48_tpi0h1wGSAlBouz3EiZH3yEWbjCVFB_dJYBk
2024-12-14 12:45:39 INFO  - Extracted JWT: eyJhbGciOiJIUzI1NiJ9.eyJyb2xlIjoiU1VQRVJfQURNSU4iLCJzdWIiOiJTdXBlckFkbWluIiwiaWF0IjoxNzM0MTcyODk2LCJleHAiOjE3MzQyMTYwOTZ9.HJMP48_tpi0h1wGSAlBouz3EiZH3yEWbjCVFB_dJYBk
2024-12-14 12:45:39 INFO  - Populating SecurityContextHolder for user: SuperAdmin
2024-12-14 12:46:14 INFO  - Authorization Header: Bearer eyJhbGciOiJIUzI1NiJ9.eyJyb2xlIjoiU1VQRVJfQURNSU4iLCJzdWIiOiJTdXBlckFkbWluIiwiaWF0IjoxNzM0MTcyODk2LCJleHAiOjE3MzQyMTYwOTZ9.HJMP48_tpi0h1wGSAlBouz3EiZH3yEWbjCVFB_dJYBk
2024-12-14 12:46:14 INFO  - Extracted JWT: eyJhbGciOiJIUzI1NiJ9.eyJyb2xlIjoiU1VQRVJfQURNSU4iLCJzdWIiOiJTdXBlckFkbWluIiwiaWF0IjoxNzM0MTcyODk2LCJleHAiOjE3MzQyMTYwOTZ9.HJMP48_tpi0h1wGSAlBouz3EiZH3yEWbjCVFB_dJYBk
2024-12-14 12:46:14 INFO  - Authorization Header: Bearer eyJhbGciOiJIUzI1NiJ9.eyJyb2xlIjoiU1VQRVJfQURNSU4iLCJzdWIiOiJTdXBlckFkbWluIiwiaWF0IjoxNzM0MTcyODk2LCJleHAiOjE3MzQyMTYwOTZ9.HJMP48_tpi0h1wGSAlBouz3EiZH3yEWbjCVFB_dJYBk
2024-12-14 12:46:14 INFO  - Extracted JWT: eyJhbGciOiJIUzI1NiJ9.eyJyb2xlIjoiU1VQRVJfQURNSU4iLCJzdWIiOiJTdXBlckFkbWluIiwiaWF0IjoxNzM0MTcyODk2LCJleHAiOjE3MzQyMTYwOTZ9.HJMP48_tpi0h1wGSAlBouz3EiZH3yEWbjCVFB_dJYBk
2024-12-14 12:46:14 INFO  - Authorization Header: Bearer eyJhbGciOiJIUzI1NiJ9.eyJyb2xlIjoiU1VQRVJfQURNSU4iLCJzdWIiOiJTdXBlckFkbWluIiwiaWF0IjoxNzM0MTcyODk2LCJleHAiOjE3MzQyMTYwOTZ9.HJMP48_tpi0h1wGSAlBouz3EiZH3yEWbjCVFB_dJYBk
2024-12-14 12:46:14 INFO  - Extracted JWT: eyJhbGciOiJIUzI1NiJ9.eyJyb2xlIjoiU1VQRVJfQURNSU4iLCJzdWIiOiJTdXBlckFkbWluIiwiaWF0IjoxNzM0MTcyODk2LCJleHAiOjE3MzQyMTYwOTZ9.HJMP48_tpi0h1wGSAlBouz3EiZH3yEWbjCVFB_dJYBk
2024-12-14 12:46:14 INFO  - Populating SecurityContextHolder for user: SuperAdmin
2024-12-14 12:46:14 INFO  - Populating SecurityContextHolder for user: SuperAdmin
2024-12-14 12:46:14 INFO  - Populating SecurityContextHolder for user: SuperAdmin
2024-12-14 12:47:33 INFO  - Authorization Header: Bearer eyJhbGciOiJIUzI1NiJ9.eyJyb2xlIjoiU1VQRVJfQURNSU4iLCJzdWIiOiJTdXBlckFkbWluIiwiaWF0IjoxNzM0MTcyODk2LCJleHAiOjE3MzQyMTYwOTZ9.HJMP48_tpi0h1wGSAlBouz3EiZH3yEWbjCVFB_dJYBk
2024-12-14 12:47:33 INFO  - Extracted JWT: eyJhbGciOiJIUzI1NiJ9.eyJyb2xlIjoiU1VQRVJfQURNSU4iLCJzdWIiOiJTdXBlckFkbWluIiwiaWF0IjoxNzM0MTcyODk2LCJleHAiOjE3MzQyMTYwOTZ9.HJMP48_tpi0h1wGSAlBouz3EiZH3yEWbjCVFB_dJYBk
2024-12-14 12:47:33 INFO  - Populating SecurityContextHolder for user: SuperAdmin
2024-12-14 12:50:12 INFO  - Authorization Header: Bearer eyJhbGciOiJIUzI1NiJ9.eyJyb2xlIjoiU1VQRVJfQURNSU4iLCJzdWIiOiJTdXBlckFkbWluIiwiaWF0IjoxNzM0MTcyODk2LCJleHAiOjE3MzQyMTYwOTZ9.HJMP48_tpi0h1wGSAlBouz3EiZH3yEWbjCVFB_dJYBk
2024-12-14 12:50:12 INFO  - Extracted JWT: eyJhbGciOiJIUzI1NiJ9.eyJyb2xlIjoiU1VQRVJfQURNSU4iLCJzdWIiOiJTdXBlckFkbWluIiwiaWF0IjoxNzM0MTcyODk2LCJleHAiOjE3MzQyMTYwOTZ9.HJMP48_tpi0h1wGSAlBouz3EiZH3yEWbjCVFB_dJYBk
2024-12-14 12:50:12 INFO  - Authorization Header: Bearer eyJhbGciOiJIUzI1NiJ9.eyJyb2xlIjoiU1VQRVJfQURNSU4iLCJzdWIiOiJTdXBlckFkbWluIiwiaWF0IjoxNzM0MTcyODk2LCJleHAiOjE3MzQyMTYwOTZ9.HJMP48_tpi0h1wGSAlBouz3EiZH3yEWbjCVFB_dJYBk
2024-12-14 12:50:12 INFO  - Extracted JWT: eyJhbGciOiJIUzI1NiJ9.eyJyb2xlIjoiU1VQRVJfQURNSU4iLCJzdWIiOiJTdXBlckFkbWluIiwiaWF0IjoxNzM0MTcyODk2LCJleHAiOjE3MzQyMTYwOTZ9.HJMP48_tpi0h1wGSAlBouz3EiZH3yEWbjCVFB_dJYBk
2024-12-14 12:50:12 INFO  - Authorization Header: Bearer eyJhbGciOiJIUzI1NiJ9.eyJyb2xlIjoiU1VQRVJfQURNSU4iLCJzdWIiOiJTdXBlckFkbWluIiwiaWF0IjoxNzM0MTcyODk2LCJleHAiOjE3MzQyMTYwOTZ9.HJMP48_tpi0h1wGSAlBouz3EiZH3yEWbjCVFB_dJYBk
2024-12-14 12:50:12 INFO  - Extracted JWT: eyJhbGciOiJIUzI1NiJ9.eyJyb2xlIjoiU1VQRVJfQURNSU4iLCJzdWIiOiJTdXBlckFkbWluIiwiaWF0IjoxNzM0MTcyODk2LCJleHAiOjE3MzQyMTYwOTZ9.HJMP48_tpi0h1wGSAlBouz3EiZH3yEWbjCVFB_dJYBk
2024-12-14 12:50:12 INFO  - Authorization Header: Bearer eyJhbGciOiJIUzI1NiJ9.eyJyb2xlIjoiU1VQRVJfQURNSU4iLCJzdWIiOiJTdXBlckFkbWluIiwiaWF0IjoxNzM0MTcyODk2LCJleHAiOjE3MzQyMTYwOTZ9.HJMP48_tpi0h1wGSAlBouz3EiZH3yEWbjCVFB_dJYBk
2024-12-14 12:50:12 INFO  - Extracted JWT: eyJhbGciOiJIUzI1NiJ9.eyJyb2xlIjoiU1VQRVJfQURNSU4iLCJzdWIiOiJTdXBlckFkbWluIiwiaWF0IjoxNzM0MTcyODk2LCJleHAiOjE3MzQyMTYwOTZ9.HJMP48_tpi0h1wGSAlBouz3EiZH3yEWbjCVFB_dJYBk
2024-12-14 12:50:12 INFO  - Populating SecurityContextHolder for user: SuperAdmin
2024-12-14 12:50:12 INFO  - Populating SecurityContextHolder for user: SuperAdmin
2024-12-14 12:50:12 INFO  - Populating SecurityContextHolder for user: SuperAdmin
2024-12-14 12:50:12 INFO  - Authenticated username: SuperAdmin
2024-12-14 12:50:12 INFO  - Populating SecurityContextHolder for user: SuperAdmin
2024-12-14 12:50:19 INFO  - Authorization Header: Bearer eyJhbGciOiJIUzI1NiJ9.eyJyb2xlIjoiU1VQRVJfQURNSU4iLCJzdWIiOiJTdXBlckFkbWluIiwiaWF0IjoxNzM0MTcyODk2LCJleHAiOjE3MzQyMTYwOTZ9.HJMP48_tpi0h1wGSAlBouz3EiZH3yEWbjCVFB_dJYBk
2024-12-14 12:50:19 INFO  - Authorization Header: Bearer eyJhbGciOiJIUzI1NiJ9.eyJyb2xlIjoiU1VQRVJfQURNSU4iLCJzdWIiOiJTdXBlckFkbWluIiwiaWF0IjoxNzM0MTcyODk2LCJleHAiOjE3MzQyMTYwOTZ9.HJMP48_tpi0h1wGSAlBouz3EiZH3yEWbjCVFB_dJYBk
2024-12-14 12:50:19 INFO  - Extracted JWT: eyJhbGciOiJIUzI1NiJ9.eyJyb2xlIjoiU1VQRVJfQURNSU4iLCJzdWIiOiJTdXBlckFkbWluIiwiaWF0IjoxNzM0MTcyODk2LCJleHAiOjE3MzQyMTYwOTZ9.HJMP48_tpi0h1wGSAlBouz3EiZH3yEWbjCVFB_dJYBk
2024-12-14 12:50:19 INFO  - Extracted JWT: eyJhbGciOiJIUzI1NiJ9.eyJyb2xlIjoiU1VQRVJfQURNSU4iLCJzdWIiOiJTdXBlckFkbWluIiwiaWF0IjoxNzM0MTcyODk2LCJleHAiOjE3MzQyMTYwOTZ9.HJMP48_tpi0h1wGSAlBouz3EiZH3yEWbjCVFB_dJYBk
2024-12-14 12:50:19 INFO  - Authorization Header: Bearer eyJhbGciOiJIUzI1NiJ9.eyJyb2xlIjoiU1VQRVJfQURNSU4iLCJzdWIiOiJTdXBlckFkbWluIiwiaWF0IjoxNzM0MTcyODk2LCJleHAiOjE3MzQyMTYwOTZ9.HJMP48_tpi0h1wGSAlBouz3EiZH3yEWbjCVFB_dJYBk
2024-12-14 12:50:19 INFO  - Extracted JWT: eyJhbGciOiJIUzI1NiJ9.eyJyb2xlIjoiU1VQRVJfQURNSU4iLCJzdWIiOiJTdXBlckFkbWluIiwiaWF0IjoxNzM0MTcyODk2LCJleHAiOjE3MzQyMTYwOTZ9.HJMP48_tpi0h1wGSAlBouz3EiZH3yEWbjCVFB_dJYBk
2024-12-14 12:50:19 INFO  - Populating SecurityContextHolder for user: SuperAdmin
2024-12-14 12:50:19 INFO  - Populating SecurityContextHolder for user: SuperAdmin
2024-12-14 12:50:19 INFO  - Populating SecurityContextHolder for user: SuperAdmin
