2024-12-08 00:00:02 DEBUG com.zaxxer.hikari.pool.HikariPool - HikariPool-1 - Pool stats (total=10, active=0, idle=10, waiting=0)
2024-12-08 00:00:02 DEBUG com.zaxxer.hikari.pool.HikariPool - HikariPool-1 - Fill pool skipped, pool has sufficient level or currently being filled.
2024-12-08 00:00:32 DEBUG com.zaxxer.hikari.pool.HikariPool - HikariPool-1 - Pool stats (total=10, active=0, idle=10, waiting=0)
2024-12-08 00:00:32 DEBUG com.zaxxer.hikari.pool.HikariPool - HikariPool-1 - Fill pool skipped, pool has sufficient level or currently being filled.
2024-12-08 00:01:02 DEBUG com.zaxxer.hikari.pool.HikariPool - HikariPool-1 - Pool stats (total=10, active=0, idle=10, waiting=0)
2024-12-08 00:01:02 DEBUG com.zaxxer.hikari.pool.HikariPool - HikariPool-1 - Fill pool skipped, pool has sufficient level or currently being filled.
2024-12-08 00:01:32 DEBUG com.zaxxer.hikari.pool.HikariPool - HikariPool-1 - Pool stats (total=10, active=0, idle=10, waiting=0)
2024-12-08 00:01:32 DEBUG com.zaxxer.hikari.pool.HikariPool - HikariPool-1 - Fill pool skipped, pool has sufficient level or currently being filled.
2024-12-08 00:02:02 DEBUG com.zaxxer.hikari.pool.HikariPool - HikariPool-1 - Pool stats (total=10, active=0, idle=10, waiting=0)
2024-12-08 00:02:02 DEBUG com.zaxxer.hikari.pool.HikariPool - HikariPool-1 - Fill pool skipped, pool has sufficient level or currently being filled.
2024-12-08 00:02:32 DEBUG com.zaxxer.hikari.pool.HikariPool - HikariPool-1 - Pool stats (total=10, active=0, idle=10, waiting=0)
2024-12-08 00:02:32 DEBUG com.zaxxer.hikari.pool.HikariPool - HikariPool-1 - Fill pool skipped, pool has sufficient level or currently being filled.
2024-12-08 00:03:02 DEBUG com.zaxxer.hikari.pool.HikariPool - HikariPool-1 - Pool stats (total=10, active=0, idle=10, waiting=0)
2024-12-08 00:03:02 DEBUG com.zaxxer.hikari.pool.HikariPool - HikariPool-1 - Fill pool skipped, pool has sufficient level or currently being filled.
2024-12-08 00:03:32 DEBUG com.zaxxer.hikari.pool.HikariPool - HikariPool-1 - Pool stats (total=10, active=0, idle=10, waiting=0)
2024-12-08 00:03:32 DEBUG com.zaxxer.hikari.pool.HikariPool - HikariPool-1 - Fill pool skipped, pool has sufficient level or currently being filled.
2024-12-08 00:04:02 DEBUG com.zaxxer.hikari.pool.HikariPool - HikariPool-1 - Pool stats (total=10, active=0, idle=10, waiting=0)
2024-12-08 00:04:02 DEBUG com.zaxxer.hikari.pool.HikariPool - HikariPool-1 - Fill pool skipped, pool has sufficient level or currently being filled.
2024-12-08 00:04:32 DEBUG com.zaxxer.hikari.pool.HikariPool - HikariPool-1 - Pool stats (total=10, active=0, idle=10, waiting=0)
2024-12-08 00:04:32 DEBUG com.zaxxer.hikari.pool.HikariPool - HikariPool-1 - Fill pool skipped, pool has sufficient level or currently being filled.
2024-12-08 00:05:02 DEBUG com.zaxxer.hikari.pool.HikariPool - HikariPool-1 - Pool stats (total=10, active=0, idle=10, waiting=0)
2024-12-08 00:05:02 DEBUG com.zaxxer.hikari.pool.HikariPool - HikariPool-1 - Fill pool skipped, pool has sufficient level or currently being filled.
2024-12-08 00:05:32 DEBUG com.zaxxer.hikari.pool.HikariPool - HikariPool-1 - Pool stats (total=10, active=0, idle=10, waiting=0)
2024-12-08 00:05:32 DEBUG com.zaxxer.hikari.pool.HikariPool - HikariPool-1 - Fill pool skipped, pool has sufficient level or currently being filled.
2024-12-08 00:06:02 DEBUG com.zaxxer.hikari.pool.HikariPool - HikariPool-1 - Pool stats (total=10, active=0, idle=10, waiting=0)
2024-12-08 00:06:02 DEBUG com.zaxxer.hikari.pool.HikariPool - HikariPool-1 - Fill pool skipped, pool has sufficient level or currently being filled.
2024-12-08 00:06:32 DEBUG com.zaxxer.hikari.pool.HikariPool - HikariPool-1 - Pool stats (total=10, active=0, idle=10, waiting=0)
2024-12-08 00:06:32 DEBUG com.zaxxer.hikari.pool.HikariPool - HikariPool-1 - Fill pool skipped, pool has sufficient level or currently being filled.
2024-12-08 00:07:02 DEBUG com.zaxxer.hikari.pool.HikariPool - HikariPool-1 - Pool stats (total=10, active=0, idle=10, waiting=0)
2024-12-08 00:07:02 DEBUG com.zaxxer.hikari.pool.HikariPool - HikariPool-1 - Fill pool skipped, pool has sufficient level or currently being filled.
2024-12-08 00:07:32 DEBUG com.zaxxer.hikari.pool.HikariPool - HikariPool-1 - Pool stats (total=10, active=0, idle=10, waiting=0)
2024-12-08 00:07:32 DEBUG com.zaxxer.hikari.pool.HikariPool - HikariPool-1 - Fill pool skipped, pool has sufficient level or currently being filled.
2024-12-08 00:07:40 DEBUG com.zaxxer.hikari.pool.PoolBase - HikariPool-1 - Closing connection com.mysql.cj.jdbc.ConnectionImpl@570859b5: (connection has passed maxLifetime)
2024-12-08 00:07:40 DEBUG com.zaxxer.hikari.pool.HikariPool - HikariPool-1 - Added connection com.mysql.cj.jdbc.ConnectionImpl@257252c8
2024-12-08 00:07:40 DEBUG com.zaxxer.hikari.pool.HikariPool - HikariPool-1 - Connection not added, stats (total=10, active=0, idle=10, waiting=0)
2024-12-08 00:07:45 DEBUG com.zaxxer.hikari.pool.PoolBase - HikariPool-1 - Closing connection com.mysql.cj.jdbc.ConnectionImpl@6b8e6d96: (connection has passed maxLifetime)
2024-12-08 00:07:45 DEBUG com.zaxxer.hikari.pool.HikariPool - HikariPool-1 - Added connection com.mysql.cj.jdbc.ConnectionImpl@644f58f3
2024-12-08 00:07:45 DEBUG com.zaxxer.hikari.pool.HikariPool - HikariPool-1 - Connection not added, stats (total=10, active=0, idle=10, waiting=0)
2024-12-08 16:50:52 DEBUG com.zaxxer.hikari.HikariConfig - Driver class com.mysql.cj.jdbc.Driver found in Thread context class loader TomcatEmbeddedWebappClassLoader
  context: ROOT
  delegate: true
----------> Parent Classloader:
jdk.internal.loader.ClassLoaders$AppClassLoader@4e0e2f2a

2024-12-08 16:50:52 DEBUG com.zaxxer.hikari.HikariConfig - HikariPool-1 - configuration:
2024-12-08 16:50:52 DEBUG com.zaxxer.hikari.HikariConfig - allowPoolSuspension.............false
2024-12-08 16:50:52 DEBUG com.zaxxer.hikari.HikariConfig - autoCommit......................true
2024-12-08 16:50:52 DEBUG com.zaxxer.hikari.HikariConfig - catalog.........................none
2024-12-08 16:50:52 DEBUG com.zaxxer.hikari.HikariConfig - connectionInitSql...............none
2024-12-08 16:50:52 DEBUG com.zaxxer.hikari.HikariConfig - connectionTestQuery.............none
2024-12-08 16:50:52 DEBUG com.zaxxer.hikari.HikariConfig - connectionTimeout...............30000
2024-12-08 16:50:52 DEBUG com.zaxxer.hikari.HikariConfig - dataSource......................none
2024-12-08 16:50:52 DEBUG com.zaxxer.hikari.HikariConfig - dataSourceClassName.............none
2024-12-08 16:50:52 DEBUG com.zaxxer.hikari.HikariConfig - dataSourceJNDI..................none
2024-12-08 16:50:52 DEBUG com.zaxxer.hikari.HikariConfig - dataSourceProperties............{password=<masked>}
2024-12-08 16:50:52 DEBUG com.zaxxer.hikari.HikariConfig - driverClassName................."com.mysql.cj.jdbc.Driver"
2024-12-08 16:50:52 DEBUG com.zaxxer.hikari.HikariConfig - exceptionOverrideClassName......none
2024-12-08 16:50:52 DEBUG com.zaxxer.hikari.HikariConfig - healthCheckProperties...........{}
2024-12-08 16:50:52 DEBUG com.zaxxer.hikari.HikariConfig - healthCheckRegistry.............none
2024-12-08 16:50:52 DEBUG com.zaxxer.hikari.HikariConfig - idleTimeout.....................600000
2024-12-08 16:50:52 DEBUG com.zaxxer.hikari.HikariConfig - initializationFailTimeout.......1
2024-12-08 16:50:52 DEBUG com.zaxxer.hikari.HikariConfig - isolateInternalQueries..........false
2024-12-08 16:50:52 DEBUG com.zaxxer.hikari.HikariConfig - jdbcUrl.........................jdbc:mysql://localhost:3306/carrentaldb?useUnicode=true&characterEncoding=utf-8&useSSL=true&serverTimezone=Europe/Athens
2024-12-08 16:50:52 DEBUG com.zaxxer.hikari.HikariConfig - keepaliveTime...................0
2024-12-08 16:50:52 DEBUG com.zaxxer.hikari.HikariConfig - leakDetectionThreshold..........0
2024-12-08 16:50:52 DEBUG com.zaxxer.hikari.HikariConfig - maxLifetime.....................1800000
2024-12-08 16:50:52 DEBUG com.zaxxer.hikari.HikariConfig - maximumPoolSize.................10
2024-12-08 16:50:52 DEBUG com.zaxxer.hikari.HikariConfig - metricRegistry..................none
2024-12-08 16:50:52 DEBUG com.zaxxer.hikari.HikariConfig - metricsTrackerFactory...........none
2024-12-08 16:50:52 DEBUG com.zaxxer.hikari.HikariConfig - minimumIdle.....................10
2024-12-08 16:50:52 DEBUG com.zaxxer.hikari.HikariConfig - password........................<masked>
2024-12-08 16:50:52 DEBUG com.zaxxer.hikari.HikariConfig - poolName........................"HikariPool-1"
2024-12-08 16:50:52 DEBUG com.zaxxer.hikari.HikariConfig - readOnly........................false
2024-12-08 16:50:52 DEBUG com.zaxxer.hikari.HikariConfig - registerMbeans..................false
2024-12-08 16:50:52 DEBUG com.zaxxer.hikari.HikariConfig - scheduledExecutor...............none
2024-12-08 16:50:52 DEBUG com.zaxxer.hikari.HikariConfig - schema..........................none
2024-12-08 16:50:52 DEBUG com.zaxxer.hikari.HikariConfig - threadFactory...................internal
2024-12-08 16:50:52 DEBUG com.zaxxer.hikari.HikariConfig - transactionIsolation............default
2024-12-08 16:50:52 DEBUG com.zaxxer.hikari.HikariConfig - username........................"petros"
2024-12-08 16:50:52 DEBUG com.zaxxer.hikari.HikariConfig - validationTimeout...............5000
2024-12-08 16:50:52 INFO  com.zaxxer.hikari.HikariDataSource - HikariPool-1 - Starting...
2024-12-08 16:50:52 INFO  com.zaxxer.hikari.pool.HikariPool - HikariPool-1 - Added connection com.mysql.cj.jdbc.ConnectionImpl@45f241df
2024-12-08 16:50:52 INFO  com.zaxxer.hikari.HikariDataSource - HikariPool-1 - Start completed.
2024-12-08 16:50:52 DEBUG com.zaxxer.hikari.pool.HikariPool - HikariPool-1 - Pool stats (total=1, active=0, idle=1, waiting=0)
2024-12-08 16:50:52 DEBUG com.zaxxer.hikari.pool.HikariPool - HikariPool-1 - Added connection com.mysql.cj.jdbc.ConnectionImpl@538363ff
2024-12-08 16:50:52 DEBUG com.zaxxer.hikari.pool.HikariPool - HikariPool-1 - After adding stats (total=2, active=0, idle=2, waiting=0)
2024-12-08 16:50:52 DEBUG com.zaxxer.hikari.pool.HikariPool - HikariPool-1 - Added connection com.mysql.cj.jdbc.ConnectionImpl@33ac9cb0
2024-12-08 16:50:52 DEBUG com.zaxxer.hikari.pool.HikariPool - HikariPool-1 - After adding stats (total=3, active=0, idle=3, waiting=0)
2024-12-08 16:50:52 DEBUG com.zaxxer.hikari.pool.HikariPool - HikariPool-1 - Added connection com.mysql.cj.jdbc.ConnectionImpl@5f1e1002
2024-12-08 16:50:52 DEBUG com.zaxxer.hikari.pool.HikariPool - HikariPool-1 - After adding stats (total=4, active=0, idle=4, waiting=0)
2024-12-08 16:50:52 DEBUG com.zaxxer.hikari.pool.HikariPool - HikariPool-1 - Added connection com.mysql.cj.jdbc.ConnectionImpl@37e243a5
2024-12-08 16:50:53 DEBUG com.zaxxer.hikari.pool.HikariPool - HikariPool-1 - After adding stats (total=5, active=0, idle=5, waiting=0)
2024-12-08 16:50:53 DEBUG com.zaxxer.hikari.pool.HikariPool - HikariPool-1 - Added connection com.mysql.cj.jdbc.ConnectionImpl@71329bc8
2024-12-08 16:50:53 DEBUG com.zaxxer.hikari.pool.HikariPool - HikariPool-1 - After adding stats (total=6, active=0, idle=6, waiting=0)
2024-12-08 16:50:53 DEBUG com.zaxxer.hikari.pool.HikariPool - HikariPool-1 - Added connection com.mysql.cj.jdbc.ConnectionImpl@54c4193f
2024-12-08 16:50:53 DEBUG com.zaxxer.hikari.pool.HikariPool - HikariPool-1 - After adding stats (total=7, active=0, idle=7, waiting=0)
2024-12-08 16:50:53 DEBUG com.zaxxer.hikari.pool.HikariPool - HikariPool-1 - Added connection com.mysql.cj.jdbc.ConnectionImpl@77780b3e
2024-12-08 16:50:53 DEBUG com.zaxxer.hikari.pool.HikariPool - HikariPool-1 - After adding stats (total=8, active=0, idle=8, waiting=0)
2024-12-08 16:50:53 DEBUG com.zaxxer.hikari.pool.HikariPool - HikariPool-1 - Added connection com.mysql.cj.jdbc.ConnectionImpl@684e491
2024-12-08 16:50:53 DEBUG com.zaxxer.hikari.pool.HikariPool - HikariPool-1 - After adding stats (total=9, active=0, idle=9, waiting=0)
2024-12-08 16:50:53 DEBUG com.zaxxer.hikari.pool.HikariPool - HikariPool-1 - Added connection com.mysql.cj.jdbc.ConnectionImpl@2a8b8972
2024-12-08 16:50:53 DEBUG com.zaxxer.hikari.pool.HikariPool - HikariPool-1 - After adding stats (total=10, active=0, idle=10, waiting=0)
2024-12-08 16:51:22 DEBUG com.zaxxer.hikari.pool.HikariPool - HikariPool-1 - Pool stats (total=10, active=0, idle=10, waiting=0)
2024-12-08 16:51:22 DEBUG com.zaxxer.hikari.pool.HikariPool - HikariPool-1 - Fill pool skipped, pool has sufficient level or currently being filled.
2024-12-08 16:51:52 DEBUG com.zaxxer.hikari.pool.HikariPool - HikariPool-1 - Pool stats (total=10, active=0, idle=10, waiting=0)
2024-12-08 16:51:52 DEBUG com.zaxxer.hikari.pool.HikariPool - HikariPool-1 - Fill pool skipped, pool has sufficient level or currently being filled.
2024-12-08 16:52:22 DEBUG com.zaxxer.hikari.pool.HikariPool - HikariPool-1 - Pool stats (total=10, active=0, idle=10, waiting=0)
2024-12-08 16:52:22 DEBUG com.zaxxer.hikari.pool.HikariPool - HikariPool-1 - Fill pool skipped, pool has sufficient level or currently being filled.
2024-12-08 16:52:52 DEBUG com.zaxxer.hikari.pool.HikariPool - HikariPool-1 - Pool stats (total=10, active=0, idle=10, waiting=0)
2024-12-08 16:52:52 DEBUG com.zaxxer.hikari.pool.HikariPool - HikariPool-1 - Fill pool skipped, pool has sufficient level or currently being filled.
2024-12-08 16:53:22 DEBUG com.zaxxer.hikari.pool.HikariPool - HikariPool-1 - Pool stats (total=10, active=0, idle=10, waiting=0)
2024-12-08 16:53:22 DEBUG com.zaxxer.hikari.pool.HikariPool - HikariPool-1 - Fill pool skipped, pool has sufficient level or currently being filled.
2024-12-08 16:53:52 DEBUG com.zaxxer.hikari.pool.HikariPool - HikariPool-1 - Pool stats (total=10, active=0, idle=10, waiting=0)
2024-12-08 16:53:52 DEBUG com.zaxxer.hikari.pool.HikariPool - HikariPool-1 - Fill pool skipped, pool has sufficient level or currently being filled.
2024-12-08 16:54:22 DEBUG com.zaxxer.hikari.pool.HikariPool - HikariPool-1 - Pool stats (total=10, active=0, idle=10, waiting=0)
2024-12-08 16:54:22 DEBUG com.zaxxer.hikari.pool.HikariPool - HikariPool-1 - Fill pool skipped, pool has sufficient level or currently being filled.
2024-12-08 16:54:52 DEBUG com.zaxxer.hikari.pool.HikariPool - HikariPool-1 - Pool stats (total=10, active=0, idle=10, waiting=0)
2024-12-08 16:54:52 DEBUG com.zaxxer.hikari.pool.HikariPool - HikariPool-1 - Fill pool skipped, pool has sufficient level or currently being filled.
2024-12-08 16:55:22 DEBUG com.zaxxer.hikari.pool.HikariPool - HikariPool-1 - Pool stats (total=10, active=0, idle=10, waiting=0)
2024-12-08 16:55:22 DEBUG com.zaxxer.hikari.pool.HikariPool - HikariPool-1 - Fill pool skipped, pool has sufficient level or currently being filled.
2024-12-08 16:55:52 DEBUG com.zaxxer.hikari.pool.HikariPool - HikariPool-1 - Pool stats (total=10, active=0, idle=10, waiting=0)
2024-12-08 16:55:52 DEBUG com.zaxxer.hikari.pool.HikariPool - HikariPool-1 - Fill pool skipped, pool has sufficient level or currently being filled.
